2022-06-11T10:36:55+00:00 CRITICAL Uncaught Error: Call to undefined function amp_add_custom_analytics() in /bitnami/wordpress/wp-content/plugins/amp/includes/templates/class-amp-post-template.php:144
Stack trace:
#0 /bitnami/wordpress/wp-content/plugins/amp/includes/templates/class-amp-post-template.php(192): AMP_Post_Template->set_data()
#1 /bitnami/wordpress/wp-content/plugins/amp/templates/header-bar.php(24): AMP_Post_Template->get()
#2 /bitnami/wordpress/wp-content/plugins/amp/includes/templates/class-amp-post-template.php(485): include('...')
#3 /bitnami/wordpress/wp-content/plugins/amp/includes/templates/class-amp-post-template.php(238): AMP_Post_Template->verify_and_include()
#4 /bitnami/wordpress/wp-content/plugins/amp/includes/settings/class-amp-customizer-design-settings.php(210): AMP_Post_Template->load_parts()
#5 /opt/bitnami/wordpress/wp-includes/customize/class-wp-customize-partial.php(221): AMP_Customizer_Design_Settings::render_header_bar()
#6 /opt/bitnami/wordpress/wp-includes/customize/class-wp-customize-selective-refresh.php(368): WP_Customize_Partial->render()
#7 /opt/bitnami/wordpress/wp-includes/class-wp-hook.php(307): WP_Customize_Selective_Refresh->handle_render_partials_request()
#8 /opt/bitnami/wordpress/wp-includes/class-wp-hook.php(331): WP_Hook->apply_filters()
#9 /opt/bitnami/wordpress/wp-includes/plugin.php(474): WP_Hook->do_action()
#10 /opt/bitnami/wordpress/wp-includes/template-loader.php(13): do_action()
#11 /opt/bitnami/wordpress/wp-blog-header.php(19): require_once('...')
#12 /opt/bitnami/wordpress/index.php(17): require('...')
#13 {main}
  thrown in /bitnami/wordpress/wp-content/plugins/amp/includes/templates/class-amp-post-template.php on line 144

2022-06-11T10:38:36+00:00 CRITICAL Uncaught Error: Call to undefined function amp_add_custom_analytics() in /bitnami/wordpress/wp-content/plugins/amp/includes/templates/class-amp-post-template.php:144
Stack trace:
#0 /bitnami/wordpress/wp-content/plugins/amp/includes/templates/class-amp-post-template.php(192): AMP_Post_Template->set_data()
#1 /bitnami/wordpress/wp-content/plugins/amp/templates/header-bar.php(24): AMP_Post_Template->get()
#2 /bitnami/wordpress/wp-content/plugins/amp/includes/templates/class-amp-post-template.php(485): include('...')
#3 /bitnami/wordpress/wp-content/plugins/amp/includes/templates/class-amp-post-template.php(238): AMP_Post_Template->verify_and_include()
#4 /bitnami/wordpress/wp-content/plugins/amp/includes/settings/class-amp-customizer-design-settings.php(210): AMP_Post_Template->load_parts()
#5 /opt/bitnami/wordpress/wp-includes/customize/class-wp-customize-partial.php(221): AMP_Customizer_Design_Settings::render_header_bar()
#6 /opt/bitnami/wordpress/wp-includes/customize/class-wp-customize-selective-refresh.php(368): WP_Customize_Partial->render()
#7 /opt/bitnami/wordpress/wp-includes/class-wp-hook.php(307): WP_Customize_Selective_Refresh->handle_render_partials_request()
#8 /opt/bitnami/wordpress/wp-includes/class-wp-hook.php(331): WP_Hook->apply_filters()
#9 /opt/bitnami/wordpress/wp-includes/plugin.php(474): WP_Hook->do_action()
#10 /opt/bitnami/wordpress/wp-includes/template-loader.php(13): do_action()
#11 /opt/bitnami/wordpress/wp-blog-header.php(19): require_once('...')
#12 /opt/bitnami/wordpress/index.php(17): require('...')
#13 {main}
  thrown in /bitnami/wordpress/wp-content/plugins/amp/includes/templates/class-amp-post-template.php on line 144

2022-06-11T10:38:36+00:00 CRITICAL Uncaught Error: Call to undefined function amp_add_custom_analytics() in /bitnami/wordpress/wp-content/plugins/amp/includes/templates/class-amp-post-template.php:144
Stack trace:
#0 /bitnami/wordpress/wp-content/plugins/amp/includes/templates/class-amp-post-template.php(192): AMP_Post_Template->set_data()
#1 /bitnami/wordpress/wp-content/plugins/amp/templates/header-bar.php(24): AMP_Post_Template->get()
#2 /bitnami/wordpress/wp-content/plugins/amp/includes/templates/class-amp-post-template.php(485): include('...')
#3 /bitnami/wordpress/wp-content/plugins/amp/includes/templates/class-amp-post-template.php(238): AMP_Post_Template->verify_and_include()
#4 /bitnami/wordpress/wp-content/plugins/amp/includes/settings/class-amp-customizer-design-settings.php(210): AMP_Post_Template->load_parts()
#5 /opt/bitnami/wordpress/wp-includes/customize/class-wp-customize-partial.php(221): AMP_Customizer_Design_Settings::render_header_bar()
#6 /opt/bitnami/wordpress/wp-includes/customize/class-wp-customize-selective-refresh.php(368): WP_Customize_Partial->render()
#7 /opt/bitnami/wordpress/wp-includes/class-wp-hook.php(307): WP_Customize_Selective_Refresh->handle_render_partials_request()
#8 /opt/bitnami/wordpress/wp-includes/class-wp-hook.php(331): WP_Hook->apply_filters()
#9 /opt/bitnami/wordpress/wp-includes/plugin.php(474): WP_Hook->do_action()
#10 /opt/bitnami/wordpress/wp-includes/template-loader.php(13): do_action()
#11 /opt/bitnami/wordpress/wp-blog-header.php(19): require_once('...')
#12 /opt/bitnami/wordpress/index.php(17): require('...')
#13 {main}
  thrown in /bitnami/wordpress/wp-content/plugins/amp/includes/templates/class-amp-post-template.php on line 144

2022-06-11T10:38:37+00:00 CRITICAL Uncaught Error: Call to undefined function amp_add_custom_analytics() in /bitnami/wordpress/wp-content/plugins/amp/includes/templates/class-amp-post-template.php:144
Stack trace:
#0 /bitnami/wordpress/wp-content/plugins/amp/includes/templates/class-amp-post-template.php(192): AMP_Post_Template->set_data()
#1 /bitnami/wordpress/wp-content/plugins/amp/templates/header-bar.php(24): AMP_Post_Template->get()
#2 /bitnami/wordpress/wp-content/plugins/amp/includes/templates/class-amp-post-template.php(485): include('...')
#3 /bitnami/wordpress/wp-content/plugins/amp/includes/templates/class-amp-post-template.php(238): AMP_Post_Template->verify_and_include()
#4 /bitnami/wordpress/wp-content/plugins/amp/includes/settings/class-amp-customizer-design-settings.php(210): AMP_Post_Template->load_parts()
#5 /opt/bitnami/wordpress/wp-includes/customize/class-wp-customize-partial.php(221): AMP_Customizer_Design_Settings::render_header_bar()
#6 /opt/bitnami/wordpress/wp-includes/customize/class-wp-customize-selective-refresh.php(368): WP_Customize_Partial->render()
#7 /opt/bitnami/wordpress/wp-includes/class-wp-hook.php(307): WP_Customize_Selective_Refresh->handle_render_partials_request()
#8 /opt/bitnami/wordpress/wp-includes/class-wp-hook.php(331): WP_Hook->apply_filters()
#9 /opt/bitnami/wordpress/wp-includes/plugin.php(474): WP_Hook->do_action()
#10 /opt/bitnami/wordpress/wp-includes/template-loader.php(13): do_action()
#11 /opt/bitnami/wordpress/wp-blog-header.php(19): require_once('...')
#12 /opt/bitnami/wordpress/index.php(17): require('...')
#13 {main}
  thrown in /bitnami/wordpress/wp-content/plugins/amp/includes/templates/class-amp-post-template.php on line 144

2022-06-11T10:38:39+00:00 CRITICAL Uncaught Error: Call to undefined function amp_add_custom_analytics() in /bitnami/wordpress/wp-content/plugins/amp/includes/templates/class-amp-post-template.php:144
Stack trace:
#0 /bitnami/wordpress/wp-content/plugins/amp/includes/templates/class-amp-post-template.php(192): AMP_Post_Template->set_data()
#1 /bitnami/wordpress/wp-content/plugins/amp/templates/header-bar.php(24): AMP_Post_Template->get()
#2 /bitnami/wordpress/wp-content/plugins/amp/includes/templates/class-amp-post-template.php(485): include('...')
#3 /bitnami/wordpress/wp-content/plugins/amp/includes/templates/class-amp-post-template.php(238): AMP_Post_Template->verify_and_include()
#4 /bitnami/wordpress/wp-content/plugins/amp/includes/settings/class-amp-customizer-design-settings.php(210): AMP_Post_Template->load_parts()
#5 /opt/bitnami/wordpress/wp-includes/customize/class-wp-customize-partial.php(221): AMP_Customizer_Design_Settings::render_header_bar()
#6 /opt/bitnami/wordpress/wp-includes/customize/class-wp-customize-selective-refresh.php(368): WP_Customize_Partial->render()
#7 /opt/bitnami/wordpress/wp-includes/class-wp-hook.php(307): WP_Customize_Selective_Refresh->handle_render_partials_request()
#8 /opt/bitnami/wordpress/wp-includes/class-wp-hook.php(331): WP_Hook->apply_filters()
#9 /opt/bitnami/wordpress/wp-includes/plugin.php(474): WP_Hook->do_action()
#10 /opt/bitnami/wordpress/wp-includes/template-loader.php(13): do_action()
#11 /opt/bitnami/wordpress/wp-blog-header.php(19): require_once('...')
#12 /opt/bitnami/wordpress/index.php(17): require('...')
#13 {main}
  thrown in /bitnami/wordpress/wp-content/plugins/amp/includes/templates/class-amp-post-template.php on line 144

2022-06-11T10:38:41+00:00 CRITICAL Uncaught Error: Call to undefined function amp_add_custom_analytics() in /bitnami/wordpress/wp-content/plugins/amp/includes/templates/class-amp-post-template.php:144
Stack trace:
#0 /bitnami/wordpress/wp-content/plugins/amp/includes/templates/class-amp-post-template.php(192): AMP_Post_Template->set_data()
#1 /bitnami/wordpress/wp-content/plugins/amp/templates/header-bar.php(24): AMP_Post_Template->get()
#2 /bitnami/wordpress/wp-content/plugins/amp/includes/templates/class-amp-post-template.php(485): include('...')
#3 /bitnami/wordpress/wp-content/plugins/amp/includes/templates/class-amp-post-template.php(238): AMP_Post_Template->verify_and_include()
#4 /bitnami/wordpress/wp-content/plugins/amp/includes/settings/class-amp-customizer-design-settings.php(210): AMP_Post_Template->load_parts()
#5 /opt/bitnami/wordpress/wp-includes/customize/class-wp-customize-partial.php(221): AMP_Customizer_Design_Settings::render_header_bar()
#6 /opt/bitnami/wordpress/wp-includes/customize/class-wp-customize-selective-refresh.php(368): WP_Customize_Partial->render()
#7 /opt/bitnami/wordpress/wp-includes/class-wp-hook.php(307): WP_Customize_Selective_Refresh->handle_render_partials_request()
#8 /opt/bitnami/wordpress/wp-includes/class-wp-hook.php(331): WP_Hook->apply_filters()
#9 /opt/bitnami/wordpress/wp-includes/plugin.php(474): WP_Hook->do_action()
#10 /opt/bitnami/wordpress/wp-includes/template-loader.php(13): do_action()
#11 /opt/bitnami/wordpress/wp-blog-header.php(19): require_once('...')
#12 /opt/bitnami/wordpress/index.php(17): require('...')
#13 {main}
  thrown in /bitnami/wordpress/wp-content/plugins/amp/includes/templates/class-amp-post-template.php on line 144

2022-06-11T10:38:42+00:00 CRITICAL Uncaught Error: Call to undefined function amp_add_custom_analytics() in /bitnami/wordpress/wp-content/plugins/amp/includes/templates/class-amp-post-template.php:144
Stack trace:
#0 /bitnami/wordpress/wp-content/plugins/amp/includes/templates/class-amp-post-template.php(192): AMP_Post_Template->set_data()
#1 /bitnami/wordpress/wp-content/plugins/amp/templates/header-bar.php(24): AMP_Post_Template->get()
#2 /bitnami/wordpress/wp-content/plugins/amp/includes/templates/class-amp-post-template.php(485): include('...')
#3 /bitnami/wordpress/wp-content/plugins/amp/includes/templates/class-amp-post-template.php(238): AMP_Post_Template->verify_and_include()
#4 /bitnami/wordpress/wp-content/plugins/amp/includes/settings/class-amp-customizer-design-settings.php(210): AMP_Post_Template->load_parts()
#5 /opt/bitnami/wordpress/wp-includes/customize/class-wp-customize-partial.php(221): AMP_Customizer_Design_Settings::render_header_bar()
#6 /opt/bitnami/wordpress/wp-includes/customize/class-wp-customize-selective-refresh.php(368): WP_Customize_Partial->render()
#7 /opt/bitnami/wordpress/wp-includes/class-wp-hook.php(307): WP_Customize_Selective_Refresh->handle_render_partials_request()
#8 /opt/bitnami/wordpress/wp-includes/class-wp-hook.php(331): WP_Hook->apply_filters()
#9 /opt/bitnami/wordpress/wp-includes/plugin.php(474): WP_Hook->do_action()
#10 /opt/bitnami/wordpress/wp-includes/template-loader.php(13): do_action()
#11 /opt/bitnami/wordpress/wp-blog-header.php(19): require_once('...')
#12 /opt/bitnami/wordpress/index.php(17): require('...')
#13 {main}
  thrown in /bitnami/wordpress/wp-content/plugins/amp/includes/templates/class-amp-post-template.php on line 144

2022-06-11T10:38:46+00:00 CRITICAL Uncaught Error: Call to undefined function amp_add_custom_analytics() in /bitnami/wordpress/wp-content/plugins/amp/includes/templates/class-amp-post-template.php:144
Stack trace:
#0 /bitnami/wordpress/wp-content/plugins/amp/includes/templates/class-amp-post-template.php(192): AMP_Post_Template->set_data()
#1 /bitnami/wordpress/wp-content/plugins/amp/templates/header-bar.php(24): AMP_Post_Template->get()
#2 /bitnami/wordpress/wp-content/plugins/amp/includes/templates/class-amp-post-template.php(485): include('...')
#3 /bitnami/wordpress/wp-content/plugins/amp/includes/templates/class-amp-post-template.php(238): AMP_Post_Template->verify_and_include()
#4 /bitnami/wordpress/wp-content/plugins/amp/includes/settings/class-amp-customizer-design-settings.php(210): AMP_Post_Template->load_parts()
#5 /opt/bitnami/wordpress/wp-includes/customize/class-wp-customize-partial.php(221): AMP_Customizer_Design_Settings::render_header_bar()
#6 /opt/bitnami/wordpress/wp-includes/customize/class-wp-customize-selective-refresh.php(368): WP_Customize_Partial->render()
#7 /opt/bitnami/wordpress/wp-includes/class-wp-hook.php(307): WP_Customize_Selective_Refresh->handle_render_partials_request()
#8 /opt/bitnami/wordpress/wp-includes/class-wp-hook.php(331): WP_Hook->apply_filters()
#9 /opt/bitnami/wordpress/wp-includes/plugin.php(474): WP_Hook->do_action()
#10 /opt/bitnami/wordpress/wp-includes/template-loader.php(13): do_action()
#11 /opt/bitnami/wordpress/wp-blog-header.php(19): require_once('...')
#12 /opt/bitnami/wordpress/index.php(17): require('...')
#13 {main}
  thrown in /bitnami/wordpress/wp-content/plugins/amp/includes/templates/class-amp-post-template.php on line 144

